This file contains any messages produced by compilers while
running configure, to aid debugging if configure makes a mistake.

It was created by audit configure 2.3.2, which was
generated by GNU Autoconf 2.69.  Invocation command line was

  $ ./configure 

## --------- ##
## Platform. ##
## --------- ##

hostname = KVM-trace
uname -m = x86_64
uname -r = 4.2.0-27-generic
uname -s = Linux
uname -v = #32~14.04.1-Ubuntu SMP Fri Jan 22 15:32:26 UTC 2016

/usr/bin/uname -p = unknown
/bin/uname -X     = unknown

/bin/arch              = unknown
/usr/bin/arch -k       = unknown
/usr/convex/getsysinfo = unknown
/usr/bin/hostinfo      = unknown
/bin/machine           = unknown
/usr/bin/oslevel       = unknown
/bin/universe          = unknown

PATH: /usr/local/sbin
PATH: /usr/local/bin
PATH: /usr/sbin
PATH: /usr/bin
PATH: /sbin
PATH: /bin
PATH: /usr/games
PATH: /usr/local/games


## ----------- ##
## Core tests. ##
## ----------- ##

configure:2533: checking build system type
configure:2547: result: x86_64-unknown-linux-gnu
configure:2567: checking host system type
configure:2580: result: x86_64-unknown-linux-gnu
configure:2600: checking target system type
configure:2613: result: x86_64-unknown-linux-gnu
configure:2655: checking for a BSD-compatible install
configure:2723: result: /usr/bin/install -c
configure:2734: checking whether build environment is sane
configure:2789: result: yes
configure:2940: checking for a thread-safe mkdir -p
configure:2979: result: /bin/mkdir -p
configure:2986: checking for gawk
configure:3016: result: no
configure:2986: checking for mawk
configure:3002: found /usr/bin/mawk
configure:3013: result: mawk
configure:3024: checking whether make sets $(MAKE)
configure:3046: result: yes
configure:3075: checking whether make supports nested variables
configure:3092: result: yes
configure:3222: checking how to print strings
configure:3249: result: printf
configure:3282: checking for style of include used by make
configure:3310: result: GNU
configure:3381: checking for gcc
configure:3397: found /usr/bin/gcc
configure:3408: result: gcc
configure:3637: checking for C compiler version
configure:3646: gcc --version >&5
gcc (Ubuntu 4.8.4-2ubuntu1~14.04.1) 4.8.4
Copyright (C) 2013 Free Software Foundation, Inc.
This is free software; see the source for copying conditions.  There is NO
warranty; not even for MERCHANTABILITY or FITNESS FOR A PARTICULAR PURPOSE.

configure:3657: $? = 0
configure:3646: gcc -v >&5
Using built-in specs.
COLLECT_GCC=gcc
COLLECT_LTO_WRAPPER=/usr/lib/gcc/x86_64-linux-gnu/4.8/lto-wrapper
Target: x86_64-linux-gnu
Configured with: ../src/configure -v --with-pkgversion='Ubuntu 4.8.4-2ubuntu1~14.04.1' --with-bugurl=file:///usr/share/doc/gcc-4.8/README.Bugs --enable-languages=c,c++,java,go,d,fortran,objc,obj-c++ --prefix=/usr --program-suffix=-4.8 --enable-shared --enable-linker-build-id --libexecdir=/usr/lib --without-included-gettext --enable-threads=posix --with-gxx-include-dir=/usr/include/c++/4.8 --libdir=/usr/lib --enable-nls --with-sysroot=/ --enable-clocale=gnu --enable-libstdcxx-debug --enable-libstdcxx-time=yes --enable-gnu-unique-object --disable-libmudflap --enable-plugin --with-system-zlib --disable-browser-plugin --enable-java-awt=gtk --enable-gtk-cairo --with-java-home=/usr/lib/jvm/java-1.5.0-gcj-4.8-amd64/jre --enable-java-home --with-jvm-root-dir=/usr/lib/jvm/java-1.5.0-gcj-4.8-amd64 --with-jvm-jar-dir=/usr/lib/jvm-exports/java-1.5.0-gcj-4.8-amd64 --with-arch-directory=amd64 --with-ecj-jar=/usr/share/java/eclipse-ecj.jar --enable-objc-gc --enable-multiarch --disable-werror --with-arch-32=i686 --with-abi=m64 --with-multilib-list=m32,m64,mx32 --with-tune=generic --enable-checking=release --build=x86_64-linux-gnu --host=x86_64-linux-gnu --target=x86_64-linux-gnu
Thread model: posix
gcc version 4.8.4 (Ubuntu 4.8.4-2ubuntu1~14.04.1) 
configure:3657: $? = 0
configure:3646: gcc -V >&5
gcc: error: unrecognized command line option '-V'
gcc: fatal error: no input files
compilation terminated.
configure:3657: $? = 4
configure:3646: gcc -qversion >&5
gcc: error: unrecognized command line option '-qversion'
gcc: fatal error: no input files
compilation terminated.
configure:3657: $? = 4
configure:3677: checking whether the C compiler works
configure:3699: gcc    conftest.c  >&5
configure:3703: $? = 0
configure:3751: result: yes
configure:3754: checking for C compiler default output file name
configure:3756: result: a.out
configure:3762: checking for suffix of executables
configure:3769: gcc -o conftest    conftest.c  >&5
configure:3773: $? = 0
configure:3795: result: 
configure:3817: checking whether we are cross compiling
configure:3825: gcc -o conftest    conftest.c  >&5
configure:3829: $? = 0
configure:3836: ./conftest
configure:3840: $? = 0
configure:3855: result: no
configure:3860: checking for suffix of object files
configure:3882: gcc -c   conftest.c >&5
configure:3886: $? = 0
configure:3907: result: o
configure:3911: checking whether we are using the GNU C compiler
configure:3930: gcc -c   conftest.c >&5
configure:3930: $? = 0
configure:3939: result: yes
configure:3948: checking whether gcc accepts -g
configure:3968: gcc -c -g  conftest.c >&5
configure:3968: $? = 0
configure:4009: result: yes
configure:4026: checking for gcc option to accept ISO C89
configure:4089: gcc  -c -g -O2  conftest.c >&5
configure:4089: $? = 0
configure:4102: result: none needed
configure:4124: checking dependency style of gcc
configure:4235: result: gcc3
configure:4250: checking for a sed that does not truncate output
configure:4314: result: /bin/sed
configure:4332: checking for grep that handles long lines and -e
configure:4390: result: /bin/grep
configure:4395: checking for egrep
configure:4457: result: /bin/grep -E
configure:4462: checking for fgrep
configure:4524: result: /bin/grep -F
configure:4559: checking for ld used by gcc
configure:4626: result: /usr/bin/ld
configure:4633: checking if the linker (/usr/bin/ld) is GNU ld
configure:4648: result: yes
configure:4660: checking for BSD- or MS-compatible name lister (nm)
configure:4709: result: /usr/bin/nm -B
configure:4839: checking the name lister (/usr/bin/nm -B) interface
configure:4846: gcc -c -g -O2  conftest.c >&5
configure:4849: /usr/bin/nm -B "conftest.o"
configure:4852: output
0000000000000000 B some_variable
configure:4859: result: BSD nm
configure:4862: checking whether ln -s works
configure:4866: result: yes
configure:4874: checking the maximum length of command line arguments
configure:5004: result: 1572864
configure:5021: checking whether the shell understands some XSI constructs
configure:5031: result: yes
configure:5035: checking whether the shell understands "+="
configure:5041: result: yes
configure:5076: checking how to convert x86_64-unknown-linux-gnu file names to x86_64-unknown-linux-gnu format
configure:5116: result: func_convert_file_noop
configure:5123: checking how to convert x86_64-unknown-linux-gnu file names to toolchain format
configure:5143: result: func_convert_file_noop
configure:5150: checking for /usr/bin/ld option to reload object files
configure:5157: result: -r
configure:5231: checking for objdump
configure:5247: found /usr/bin/objdump
configure:5258: result: objdump
configure:5290: checking how to recognize dependent libraries
configure:5492: result: pass_all
configure:5577: checking for dlltool
configure:5607: result: no
configure:5637: checking how to associate runtime and link libraries
configure:5664: result: printf %s\n
configure:5725: checking for ar
configure:5741: found /usr/bin/ar
configure:5752: result: ar
configure:5789: checking for archiver @FILE support
configure:5806: gcc -c -g -O2  conftest.c >&5
configure:5806: $? = 0
configure:5809: ar cru libconftest.a @conftest.lst >&5
configure:5812: $? = 0
configure:5817: ar cru libconftest.a @conftest.lst >&5
ar: conftest.o: No such file or directory
configure:5820: $? = 1
configure:5832: result: @
configure:5890: checking for strip
configure:5906: found /usr/bin/strip
configure:5917: result: strip
configure:5989: checking for ranlib
configure:6005: found /usr/bin/ranlib
configure:6016: result: ranlib
configure:6118: checking command to parse /usr/bin/nm -B output from gcc object
configure:6238: gcc -c -g -O2  conftest.c >&5
configure:6241: $? = 0
configure:6245: /usr/bin/nm -B conftest.o \| sed -n -e 's/^.*[ ]\([ABCDGIRSTW][ABCDGIRSTW]*\)[ ][ ]*\([_A-Za-z][_A-Za-z0-9]*\)$/\1 \2 \2/p' | sed '/ __gnu_lto/d' \> conftest.nm
configure:6248: $? = 0
configure:6314: gcc -o conftest -g -O2   conftest.c conftstm.o >&5
configure:6317: $? = 0
configure:6355: result: ok
configure:6392: checking for sysroot
configure:6422: result: no
configure:6499: gcc -c -g -O2  conftest.c >&5
configure:6502: $? = 0
configure:6678: checking for mt
configure:6694: found /bin/mt
configure:6705: result: mt
configure:6728: checking if mt is a manifest tool
configure:6734: mt '-?'
configure:6742: result: no
configure:7384: checking how to run the C preprocessor
configure:7415: gcc -E  conftest.c
configure:7415: $? = 0
configure:7429: gcc -E  conftest.c
conftest.c:11:28: fatal error: ac_nonexistent.h: No such file or directory
 #include <ac_nonexistent.h>
                            ^
compilation terminated.
configure:7429: $? = 1
configure: failed program was:
| /* confdefs.h */
| #define PACKAGE_NAME "audit"
| #define PACKAGE_TARNAME "audit"
| #define PACKAGE_VERSION "2.3.2"
| #define PACKAGE_STRING "audit 2.3.2"
| #define PACKAGE_BUGREPORT ""
| #define PACKAGE_URL ""
| #define PACKAGE "audit"
| #define VERSION "2.3.2"
| /* end confdefs.h.  */
| #include <ac_nonexistent.h>
configure:7454: result: gcc -E
configure:7474: gcc -E  conftest.c
configure:7474: $? = 0
configure:7488: gcc -E  conftest.c
conftest.c:11:28: fatal error: ac_nonexistent.h: No such file or directory
 #include <ac_nonexistent.h>
                            ^
compilation terminated.
configure:7488: $? = 1
configure: failed program was:
| /* confdefs.h */
| #define PACKAGE_NAME "audit"
| #define PACKAGE_TARNAME "audit"
| #define PACKAGE_VERSION "2.3.2"
| #define PACKAGE_STRING "audit 2.3.2"
| #define PACKAGE_BUGREPORT ""
| #define PACKAGE_URL ""
| #define PACKAGE "audit"
| #define VERSION "2.3.2"
| /* end confdefs.h.  */
| #include <ac_nonexistent.h>
configure:7517: checking for ANSI C header files
configure:7537: gcc -c -g -O2  conftest.c >&5
configure:7537: $? = 0
configure:7610: gcc -o conftest -g -O2   conftest.c  >&5
configure:7610: $? = 0
configure:7610: ./conftest
configure:7610: $? = 0
configure:7621: result: yes
configure:7634: checking for sys/types.h
configure:7634: gcc -c -g -O2  conftest.c >&5
configure:7634: $? = 0
configure:7634: result: yes
configure:7634: checking for sys/stat.h
configure:7634: gcc -c -g -O2  conftest.c >&5
configure:7634: $? = 0
configure:7634: result: yes
configure:7634: checking for stdlib.h
configure:7634: gcc -c -g -O2  conftest.c >&5
configure:7634: $? = 0
configure:7634: result: yes
configure:7634: checking for string.h
configure:7634: gcc -c -g -O2  conftest.c >&5
configure:7634: $? = 0
configure:7634: result: yes
configure:7634: checking for memory.h
configure:7634: gcc -c -g -O2  conftest.c >&5
configure:7634: $? = 0
configure:7634: result: yes
configure:7634: checking for strings.h
configure:7634: gcc -c -g -O2  conftest.c >&5
configure:7634: $? = 0
configure:7634: result: yes
configure:7634: checking for inttypes.h
configure:7634: gcc -c -g -O2  conftest.c >&5
configure:7634: $? = 0
configure:7634: result: yes
configure:7634: checking for stdint.h
configure:7634: gcc -c -g -O2  conftest.c >&5
configure:7634: $? = 0
configure:7634: result: yes
configure:7634: checking for unistd.h
configure:7634: gcc -c -g -O2  conftest.c >&5
configure:7634: $? = 0
configure:7634: result: yes
configure:7648: checking for dlfcn.h
configure:7648: gcc -c -g -O2  conftest.c >&5
configure:7648: $? = 0
configure:7648: result: yes
configure:7854: checking for objdir
configure:7869: result: .libs
configure:8140: checking if gcc supports -fno-rtti -fno-exceptions
configure:8158: gcc -c -g -O2  -fno-rtti -fno-exceptions conftest.c >&5
cc1: warning: command line option '-fno-rtti' is valid for C++/ObjC++ but not for C [enabled by default]
configure:8162: $? = 0
configure:8175: result: no
configure:8502: checking for gcc option to produce PIC
configure:8509: result: -fPIC -DPIC
configure:8517: checking if gcc PIC flag -fPIC -DPIC works
configure:8535: gcc -c -g -O2  -fPIC -DPIC -DPIC conftest.c >&5
configure:8539: $? = 0
configure:8552: result: yes
configure:8581: checking if gcc static flag -static works
configure:8609: result: yes
configure:8624: checking if gcc supports -c -o file.o
configure:8645: gcc -c -g -O2  -o out/conftest2.o conftest.c >&5
configure:8649: $? = 0
configure:8671: result: yes
configure:8679: checking if gcc supports -c -o file.o
configure:8726: result: yes
configure:8759: checking whether the gcc linker (/usr/bin/ld -m elf_x86_64) supports shared libraries
configure:9912: result: yes
configure:9949: checking whether -lc should be explicitly linked in
configure:9957: gcc -c -g -O2  conftest.c >&5
configure:9960: $? = 0
configure:9975: gcc -shared  -fPIC -DPIC conftest.o  -v -Wl,-soname -Wl,conftest -o conftest 2\>\&1 \| /bin/grep  -lc  \>/dev/null 2\>\&1
configure:9978: $? = 0
configure:9992: result: no
configure:10152: checking dynamic linker characteristics
configure:10663: gcc -o conftest -g -O2   -Wl,-rpath -Wl,/foo conftest.c  >&5
configure:10663: $? = 0
configure:10889: result: GNU/Linux ld.so
configure:10996: checking how to hardcode library paths into programs
configure:11021: result: immediate
configure:11561: checking whether stripping libraries is possible
configure:11566: result: yes
configure:11601: checking if libtool supports shared libraries
configure:11603: result: yes
configure:11606: checking whether to build shared libraries
configure:11627: result: yes
configure:11630: checking whether to build static libraries
configure:11634: result: yes
configure:11677: checking sys/inotify.h usability
configure:11677: gcc -c -g -O2  conftest.c >&5
configure:11677: $? = 0
configure:11677: result: yes
configure:11677: checking sys/inotify.h presence
configure:11677: gcc -E  conftest.c
configure:11677: $? = 0
configure:11677: result: yes
configure:11677: checking for sys/inotify.h
configure:11677: result: yes
configure:11677: checking sys/epoll.h usability
configure:11677: gcc -c -g -O2  conftest.c >&5
configure:11677: $? = 0
configure:11677: result: yes
configure:11677: checking sys/epoll.h presence
configure:11677: gcc -E  conftest.c
configure:11677: $? = 0
configure:11677: result: yes
configure:11677: checking for sys/epoll.h
configure:11677: result: yes
configure:11677: checking sys/event.h usability
configure:11677: gcc -c -g -O2  conftest.c >&5
conftest.c:58:23: fatal error: sys/event.h: No such file or directory
 #include <sys/event.h>
                       ^
compilation terminated.
configure:11677: $? = 1
configure: failed program was:
| /* confdefs.h */
| #define PACKAGE_NAME "audit"
| #define PACKAGE_TARNAME "audit"
| #define PACKAGE_VERSION "2.3.2"
| #define PACKAGE_STRING "audit 2.3.2"
| #define PACKAGE_BUGREPORT ""
| #define PACKAGE_URL ""
| #define PACKAGE "audit"
| #define VERSION "2.3.2"
| #define STDC_HEADERS 1
| #define HAVE_SYS_TYPES_H 1
| #define HAVE_SYS_STAT_H 1
| #define HAVE_STDLIB_H 1
| #define HAVE_STRING_H 1
| #define HAVE_MEMORY_H 1
| #define HAVE_STRINGS_H 1
| #define HAVE_INTTYPES_H 1
| #define HAVE_STDINT_H 1
| #define HAVE_UNISTD_H 1
| #define HAVE_DLFCN_H 1
| #define LT_OBJDIR ".libs/"
| #define HAVE_SYS_INOTIFY_H 1
| #define HAVE_SYS_EPOLL_H 1
| /* end confdefs.h.  */
| #include <stdio.h>
| #ifdef HAVE_SYS_TYPES_H
| # include <sys/types.h>
| #endif
| #ifdef HAVE_SYS_STAT_H
| # include <sys/stat.h>
| #endif
| #ifdef STDC_HEADERS
| # include <stdlib.h>
| # include <stddef.h>
| #else
| # ifdef HAVE_STDLIB_H
| #  include <stdlib.h>
| # endif
| #endif
| #ifdef HAVE_STRING_H
| # if !defined STDC_HEADERS && defined HAVE_MEMORY_H
| #  include <memory.h>
| # endif
| # include <string.h>
| #endif
| #ifdef HAVE_STRINGS_H
| # include <strings.h>
| #endif
| #ifdef HAVE_INTTYPES_H
| # include <inttypes.h>
| #endif
| #ifdef HAVE_STDINT_H
| # include <stdint.h>
| #endif
| #ifdef HAVE_UNISTD_H
| # include <unistd.h>
| #endif
| #include <sys/event.h>
configure:11677: result: no
configure:11677: checking sys/event.h presence
configure:11677: gcc -E  conftest.c
conftest.c:25:23: fatal error: sys/event.h: No such file or directory
 #include <sys/event.h>
                       ^
compilation terminated.
configure:11677: $? = 1
configure: failed program was:
| /* confdefs.h */
| #define PACKAGE_NAME "audit"
| #define PACKAGE_TARNAME "audit"
| #define PACKAGE_VERSION "2.3.2"
| #define PACKAGE_STRING "audit 2.3.2"
| #define PACKAGE_BUGREPORT ""
| #define PACKAGE_URL ""
| #define PACKAGE "audit"
| #define VERSION "2.3.2"
| #define STDC_HEADERS 1
| #define HAVE_SYS_TYPES_H 1
| #define HAVE_SYS_STAT_H 1
| #define HAVE_STDLIB_H 1
| #define HAVE_STRING_H 1
| #define HAVE_MEMORY_H 1
| #define HAVE_STRINGS_H 1
| #define HAVE_INTTYPES_H 1
| #define HAVE_STDINT_H 1
| #define HAVE_UNISTD_H 1
| #define HAVE_DLFCN_H 1
| #define LT_OBJDIR ".libs/"
| #define HAVE_SYS_INOTIFY_H 1
| #define HAVE_SYS_EPOLL_H 1
| /* end confdefs.h.  */
| #include <sys/event.h>
configure:11677: result: no
configure:11677: checking for sys/event.h
configure:11677: result: no
configure:11677: checking port.h usability
configure:11677: gcc -c -g -O2  conftest.c >&5
conftest.c:58:18: fatal error: port.h: No such file or directory
 #include <port.h>
                  ^
compilation terminated.
configure:11677: $? = 1
configure: failed program was:
| /* confdefs.h */
| #define PACKAGE_NAME "audit"
| #define PACKAGE_TARNAME "audit"
| #define PACKAGE_VERSION "2.3.2"
| #define PACKAGE_STRING "audit 2.3.2"
| #define PACKAGE_BUGREPORT ""
| #define PACKAGE_URL ""
| #define PACKAGE "audit"
| #define VERSION "2.3.2"
| #define STDC_HEADERS 1
| #define HAVE_SYS_TYPES_H 1
| #define HAVE_SYS_STAT_H 1
| #define HAVE_STDLIB_H 1
| #define HAVE_STRING_H 1
| #define HAVE_MEMORY_H 1
| #define HAVE_STRINGS_H 1
| #define HAVE_INTTYPES_H 1
| #define HAVE_STDINT_H 1
| #define HAVE_UNISTD_H 1
| #define HAVE_DLFCN_H 1
| #define LT_OBJDIR ".libs/"
| #define HAVE_SYS_INOTIFY_H 1
| #define HAVE_SYS_EPOLL_H 1
| /* end confdefs.h.  */
| #include <stdio.h>
| #ifdef HAVE_SYS_TYPES_H
| # include <sys/types.h>
| #endif
| #ifdef HAVE_SYS_STAT_H
| # include <sys/stat.h>
| #endif
| #ifdef STDC_HEADERS
| # include <stdlib.h>
| # include <stddef.h>
| #else
| # ifdef HAVE_STDLIB_H
| #  include <stdlib.h>
| # endif
| #endif
| #ifdef HAVE_STRING_H
| # if !defined STDC_HEADERS && defined HAVE_MEMORY_H
| #  include <memory.h>
| # endif
| # include <string.h>
| #endif
| #ifdef HAVE_STRINGS_H
| # include <strings.h>
| #endif
| #ifdef HAVE_INTTYPES_H
| # include <inttypes.h>
| #endif
| #ifdef HAVE_STDINT_H
| # include <stdint.h>
| #endif
| #ifdef HAVE_UNISTD_H
| # include <unistd.h>
| #endif
| #include <port.h>
configure:11677: result: no
configure:11677: checking port.h presence
configure:11677: gcc -E  conftest.c
conftest.c:25:18: fatal error: port.h: No such file or directory
 #include <port.h>
                  ^
compilation terminated.
configure:11677: $? = 1
configure: failed program was:
| /* confdefs.h */
| #define PACKAGE_NAME "audit"
| #define PACKAGE_TARNAME "audit"
| #define PACKAGE_VERSION "2.3.2"
| #define PACKAGE_STRING "audit 2.3.2"
| #define PACKAGE_BUGREPORT ""
| #define PACKAGE_URL ""
| #define PACKAGE "audit"
| #define VERSION "2.3.2"
| #define STDC_HEADERS 1
| #define HAVE_SYS_TYPES_H 1
| #define HAVE_SYS_STAT_H 1
| #define HAVE_STDLIB_H 1
| #define HAVE_STRING_H 1
| #define HAVE_MEMORY_H 1
| #define HAVE_STRINGS_H 1
| #define HAVE_INTTYPES_H 1
| #define HAVE_STDINT_H 1
| #define HAVE_UNISTD_H 1
| #define HAVE_DLFCN_H 1
| #define LT_OBJDIR ".libs/"
| #define HAVE_SYS_INOTIFY_H 1
| #define HAVE_SYS_EPOLL_H 1
| /* end confdefs.h.  */
| #include <port.h>
configure:11677: result: no
configure:11677: checking for port.h
configure:11677: result: no
configure:11677: checking poll.h usability
configure:11677: gcc -c -g -O2  conftest.c >&5
configure:11677: $? = 0
configure:11677: result: yes
configure:11677: checking poll.h presence
configure:11677: gcc -E  conftest.c
configure:11677: $? = 0
configure:11677: result: yes
configure:11677: checking for poll.h
configure:11677: result: yes
configure:11677: checking sys/select.h usability
configure:11677: gcc -c -g -O2  conftest.c >&5
configure:11677: $? = 0
configure:11677: result: yes
configure:11677: checking sys/select.h presence
configure:11677: gcc -E  conftest.c
configure:11677: $? = 0
configure:11677: result: yes
configure:11677: checking for sys/select.h
configure:11677: result: yes
configure:11677: checking sys/eventfd.h usability
configure:11677: gcc -c -g -O2  conftest.c >&5
configure:11677: $? = 0
configure:11677: result: yes
configure:11677: checking sys/eventfd.h presence
configure:11677: gcc -E  conftest.c
configure:11677: $? = 0
configure:11677: result: yes
configure:11677: checking for sys/eventfd.h
configure:11677: result: yes
configure:11677: checking sys/signalfd.h usability
configure:11677: gcc -c -g -O2  conftest.c >&5
configure:11677: $? = 0
configure:11677: result: yes
configure:11677: checking sys/signalfd.h presence
configure:11677: gcc -E  conftest.c
configure:11677: $? = 0
configure:11677: result: yes
configure:11677: checking for sys/signalfd.h
configure:11677: result: yes
configure:11691: checking for inotify_init
configure:11691: gcc -o conftest -g -O2   conftest.c  >&5
configure:11691: $? = 0
configure:11691: result: yes
configure:11691: checking for epoll_ctl
configure:11691: gcc -o conftest -g -O2   conftest.c  >&5
configure:11691: $? = 0
configure:11691: result: yes
configure:11691: checking for kqueue
configure:11691: gcc -o conftest -g -O2   conftest.c  >&5
/tmp/ccxwby90.o: In function `main':
/home/audit/UBSI/audit-2.3.2/conftest.c:65: undefined reference to `kqueue'
collect2: error: ld returned 1 exit status
configure:11691: $? = 1
configure: failed program was:
| /* confdefs.h */
| #define PACKAGE_NAME "audit"
| #define PACKAGE_TARNAME "audit"
| #define PACKAGE_VERSION "2.3.2"
| #define PACKAGE_STRING "audit 2.3.2"
| #define PACKAGE_BUGREPORT ""
| #define PACKAGE_URL ""
| #define PACKAGE "audit"
| #define VERSION "2.3.2"
| #define STDC_HEADERS 1
| #define HAVE_SYS_TYPES_H 1
| #define HAVE_SYS_STAT_H 1
| #define HAVE_STDLIB_H 1
| #define HAVE_STRING_H 1
| #define HAVE_MEMORY_H 1
| #define HAVE_STRINGS_H 1
| #define HAVE_INTTYPES_H 1
| #define HAVE_STDINT_H 1
| #define HAVE_UNISTD_H 1
| #define HAVE_DLFCN_H 1
| #define LT_OBJDIR ".libs/"
| #define HAVE_SYS_INOTIFY_H 1
| #define HAVE_SYS_EPOLL_H 1
| #define HAVE_POLL_H 1
| #define HAVE_SYS_SELECT_H 1
| #define HAVE_SYS_EVENTFD_H 1
| #define HAVE_SYS_SIGNALFD_H 1
| #define HAVE_INOTIFY_INIT 1
| #define HAVE_EPOLL_CTL 1
| /* end confdefs.h.  */
| /* Define kqueue to an innocuous variant, in case <limits.h> declares kqueue.
|    For example, HP-UX 11i <limits.h> declares gettimeofday.  */
| #define kqueue innocuous_kqueue
| 
| /* System header to define __stub macros and hopefully few prototypes,
|     which can conflict with char kqueue (); below.
|     Prefer <limits.h> to <assert.h> if __STDC__ is defined, since
|     <limits.h> exists even on freestanding compilers.  */
| 
| #ifdef __STDC__
| # include <limits.h>
| #else
| # include <assert.h>
| #endif
| 
| #undef kqueue
| 
| /* Override any GCC internal prototype to avoid an error.
|    Use char because int might match the return type of a GCC
|    builtin and then its argument prototype would still apply.  */
| #ifdef __cplusplus
| extern "C"
| #endif
| char kqueue ();
| /* The GNU C library defines this for functions which it implements
|     to always fail with ENOSYS.  Some functions are actually named
|     something starting with __ and the normal name is an alias.  */
| #if defined __stub_kqueue || defined __stub___kqueue
| choke me
| #endif
| 
| int
| main ()
| {
| return kqueue ();
|   ;
|   return 0;
| }
configure:11691: result: no
configure:11691: checking for port_create
configure:11691: gcc -o conftest -g -O2   conftest.c  >&5
/tmp/ccvKA7H2.o: In function `main':
/home/audit/UBSI/audit-2.3.2/conftest.c:65: undefined reference to `port_create'
collect2: error: ld returned 1 exit status
configure:11691: $? = 1
configure: failed program was:
| /* confdefs.h */
| #define PACKAGE_NAME "audit"
| #define PACKAGE_TARNAME "audit"
| #define PACKAGE_VERSION "2.3.2"
| #define PACKAGE_STRING "audit 2.3.2"
| #define PACKAGE_BUGREPORT ""
| #define PACKAGE_URL ""
| #define PACKAGE "audit"
| #define VERSION "2.3.2"
| #define STDC_HEADERS 1
| #define HAVE_SYS_TYPES_H 1
| #define HAVE_SYS_STAT_H 1
| #define HAVE_STDLIB_H 1
| #define HAVE_STRING_H 1
| #define HAVE_MEMORY_H 1
| #define HAVE_STRINGS_H 1
| #define HAVE_INTTYPES_H 1
| #define HAVE_STDINT_H 1
| #define HAVE_UNISTD_H 1
| #define HAVE_DLFCN_H 1
| #define LT_OBJDIR ".libs/"
| #define HAVE_SYS_INOTIFY_H 1
| #define HAVE_SYS_EPOLL_H 1
| #define HAVE_POLL_H 1
| #define HAVE_SYS_SELECT_H 1
| #define HAVE_SYS_EVENTFD_H 1
| #define HAVE_SYS_SIGNALFD_H 1
| #define HAVE_INOTIFY_INIT 1
| #define HAVE_EPOLL_CTL 1
| /* end confdefs.h.  */
| /* Define port_create to an innocuous variant, in case <limits.h> declares port_create.
|    For example, HP-UX 11i <limits.h> declares gettimeofday.  */
| #define port_create innocuous_port_create
| 
| /* System header to define __stub macros and hopefully few prototypes,
|     which can conflict with char port_create (); below.
|     Prefer <limits.h> to <assert.h> if __STDC__ is defined, since
|     <limits.h> exists even on freestanding compilers.  */
| 
| #ifdef __STDC__
| # include <limits.h>
| #else
| # include <assert.h>
| #endif
| 
| #undef port_create
| 
| /* Override any GCC internal prototype to avoid an error.
|    Use char because int might match the return type of a GCC
|    builtin and then its argument prototype would still apply.  */
| #ifdef __cplusplus
| extern "C"
| #endif
| char port_create ();
| /* The GNU C library defines this for functions which it implements
|     to always fail with ENOSYS.  Some functions are actually named
|     something starting with __ and the normal name is an alias.  */
| #if defined __stub_port_create || defined __stub___port_create
| choke me
| #endif
| 
| int
| main ()
| {
| return port_create ();
|   ;
|   return 0;
| }
configure:11691: result: no
configure:11691: checking for poll
configure:11691: gcc -o conftest -g -O2   conftest.c  >&5
configure:11691: $? = 0
configure:11691: result: yes
configure:11691: checking for select
configure:11691: gcc -o conftest -g -O2   conftest.c  >&5
configure:11691: $? = 0
configure:11691: result: yes
configure:11691: checking for eventfd
configure:11691: gcc -o conftest -g -O2   conftest.c  >&5
configure:11691: $? = 0
configure:11691: result: yes
configure:11691: checking for signalfd
configure:11691: gcc -o conftest -g -O2   conftest.c  >&5
configure:11691: $? = 0
configure:11691: result: yes
configure:11703: checking for clock_gettime
configure:11703: gcc -o conftest -g -O2   conftest.c  >&5
configure:11703: $? = 0
configure:11703: result: yes
configure:11807: checking for nanosleep
configure:11807: gcc -o conftest -g -O2   conftest.c  >&5
configure:11807: $? = 0
configure:11807: result: yes
configure:11882: checking for library containing floor
configure:11913: gcc -o conftest -g -O2   conftest.c  >&5
conftest.c:44:6: warning: conflicting types for built-in function 'floor' [enabled by default]
 char floor ();
      ^
/tmp/ccXphDji.o: In function `main':
/home/audit/UBSI/audit-2.3.2/conftest.c:48: undefined reference to `floor'
collect2: error: ld returned 1 exit status
configure:11913: $? = 1
configure: failed program was:
| /* confdefs.h */
| #define PACKAGE_NAME "audit"
| #define PACKAGE_TARNAME "audit"
| #define PACKAGE_VERSION "2.3.2"
| #define PACKAGE_STRING "audit 2.3.2"
| #define PACKAGE_BUGREPORT ""
| #define PACKAGE_URL ""
| #define PACKAGE "audit"
| #define VERSION "2.3.2"
| #define STDC_HEADERS 1
| #define HAVE_SYS_TYPES_H 1
| #define HAVE_SYS_STAT_H 1
| #define HAVE_STDLIB_H 1
| #define HAVE_STRING_H 1
| #define HAVE_MEMORY_H 1
| #define HAVE_STRINGS_H 1
| #define HAVE_INTTYPES_H 1
| #define HAVE_STDINT_H 1
| #define HAVE_UNISTD_H 1
| #define HAVE_DLFCN_H 1
| #define LT_OBJDIR ".libs/"
| #define HAVE_SYS_INOTIFY_H 1
| #define HAVE_SYS_EPOLL_H 1
| #define HAVE_POLL_H 1
| #define HAVE_SYS_SELECT_H 1
| #define HAVE_SYS_EVENTFD_H 1
| #define HAVE_SYS_SIGNALFD_H 1
| #define HAVE_INOTIFY_INIT 1
| #define HAVE_EPOLL_CTL 1
| #define HAVE_POLL 1
| #define HAVE_SELECT 1
| #define HAVE_EVENTFD 1
| #define HAVE_SIGNALFD 1
| #define HAVE_CLOCK_GETTIME 1
| #define HAVE_NANOSLEEP 1
| /* end confdefs.h.  */
| 
| /* Override any GCC internal prototype to avoid an error.
|    Use char because int might match the return type of a GCC
|    builtin and then its argument prototype would still apply.  */
| #ifdef __cplusplus
| extern "C"
| #endif
| char floor ();
| int
| main ()
| {
| return floor ();
|   ;
|   return 0;
| }
configure:11913: gcc -o conftest -g -O2   conftest.c -lm   >&5
conftest.c:44:6: warning: conflicting types for built-in function 'floor' [enabled by default]
 char floor ();
      ^
configure:11913: $? = 0
configure:11930: result: -lm
configure:11996: checking for gcc
configure:12023: result: gcc
configure:12252: checking for C compiler version
configure:12261: gcc --version >&5
gcc (Ubuntu 4.8.4-2ubuntu1~14.04.1) 4.8.4
Copyright (C) 2013 Free Software Foundation, Inc.
This is free software; see the source for copying conditions.  There is NO
warranty; not even for MERCHANTABILITY or FITNESS FOR A PARTICULAR PURPOSE.

configure:12272: $? = 0
configure:12261: gcc -v >&5
Using built-in specs.
COLLECT_GCC=gcc
COLLECT_LTO_WRAPPER=/usr/lib/gcc/x86_64-linux-gnu/4.8/lto-wrapper
Target: x86_64-linux-gnu
Configured with: ../src/configure -v --with-pkgversion='Ubuntu 4.8.4-2ubuntu1~14.04.1' --with-bugurl=file:///usr/share/doc/gcc-4.8/README.Bugs --enable-languages=c,c++,java,go,d,fortran,objc,obj-c++ --prefix=/usr --program-suffix=-4.8 --enable-shared --enable-linker-build-id --libexecdir=/usr/lib --without-included-gettext --enable-threads=posix --with-gxx-include-dir=/usr/include/c++/4.8 --libdir=/usr/lib --enable-nls --with-sysroot=/ --enable-clocale=gnu --enable-libstdcxx-debug --enable-libstdcxx-time=yes --enable-gnu-unique-object --disable-libmudflap --enable-plugin --with-system-zlib --disable-browser-plugin --enable-java-awt=gtk --enable-gtk-cairo --with-java-home=/usr/lib/jvm/java-1.5.0-gcj-4.8-amd64/jre --enable-java-home --with-jvm-root-dir=/usr/lib/jvm/java-1.5.0-gcj-4.8-amd64 --with-jvm-jar-dir=/usr/lib/jvm-exports/java-1.5.0-gcj-4.8-amd64 --with-arch-directory=amd64 --with-ecj-jar=/usr/share/java/eclipse-ecj.jar --enable-objc-gc --enable-multiarch --disable-werror --with-arch-32=i686 --with-abi=m64 --with-multilib-list=m32,m64,mx32 --with-tune=generic --enable-checking=release --build=x86_64-linux-gnu --host=x86_64-linux-gnu --target=x86_64-linux-gnu
Thread model: posix
gcc version 4.8.4 (Ubuntu 4.8.4-2ubuntu1~14.04.1) 
configure:12272: $? = 0
configure:12261: gcc -V >&5
gcc: error: unrecognized command line option '-V'
gcc: fatal error: no input files
compilation terminated.
configure:12272: $? = 4
configure:12261: gcc -qversion >&5
gcc: error: unrecognized command line option '-qversion'
gcc: fatal error: no input files
compilation terminated.
configure:12272: $? = 4
configure:12276: checking whether we are using the GNU C compiler
configure:12304: result: yes
configure:12313: checking whether gcc accepts -g
configure:12374: result: yes
configure:12391: checking for gcc option to accept ISO C89
configure:12467: result: none needed
configure:12489: checking dependency style of gcc
configure:12600: result: gcc3
configure:12620: checking for gawk
configure:12647: result: mawk
configure:12661: checking for ANSI C header files
configure:12765: result: yes
configure:12773: checking whether time.h and sys/time.h may both be included
configure:12793: gcc -c -g -O2  conftest.c >&5
configure:12793: $? = 0
configure:12800: result: yes
configure:12809: checking for an ANSI C-conforming const
configure:12875: gcc -c -g -O2  conftest.c >&5
configure:12875: $? = 0
configure:12882: result: yes
configure:12890: checking for inline
configure:12906: gcc -c -g -O2  conftest.c >&5
configure:12906: $? = 0
configure:12914: result: inline
configure:12936: checking size of unsigned int
configure:12941: gcc -o conftest -g -O2   conftest.c  >&5
configure:12941: $? = 0
configure:12941: ./conftest
configure:12941: $? = 0
configure:12955: result: 4
configure:12969: checking size of unsigned long
configure:12974: gcc -o conftest -g -O2   conftest.c  >&5
configure:12974: $? = 0
configure:12974: ./conftest
configure:12974: $? = 0
configure:12988: result: 8
configure:12999: checking whether gcc and cc understand -c and -o together
configure:13030: gcc -c conftest.c -o conftest2.o >&5
configure:13034: $? = 0
configure:13040: gcc -c conftest.c -o conftest2.o >&5
configure:13044: $? = 0
configure:13055: cc -c conftest.c >&5
configure:13059: $? = 0
configure:13067: cc -c conftest.c -o conftest2.o >&5
configure:13071: $? = 0
configure:13077: cc -c conftest.c -o conftest2.o >&5
configure:13081: $? = 0
configure:13099: result: yes
configure:13124: checking whether MS_DIRSYNC is declared
configure:13124: gcc -c -g -O2  conftest.c >&5
configure:13124: $? = 0
configure:13124: result: yes
configure:13152: checking whether to create python bindings
configure:13167: result: testing
configure:13181: checking for python
configure:13199: found /usr/bin/python
configure:13211: result: /usr/bin/python
configure:13232: checking for python version
configure:13239: result: 2.7
configure:13251: checking for python platform
configure:13258: result: linux2
configure:13284: checking for python script directory
configure:13319: result: ${prefix}/lib/python2.7/dist-packages
configure:13328: checking for python extension module directory
configure:13363: result: ${exec_prefix}/lib/python2.7/dist-packages
configure:13385: WARNING: "Python headers not found - python bindings will not be made"
configure:13400: checking whether to include auditd network listener support
configure:13422: result: yes
configure:13579: checking whether to include alpha processor support
configure:13602: result: no
configure:13605: checking whether to include arm eabi processor support
configure:13628: result: no
configure:13631: checking whether to include aarch64 processor support
configure:13654: result: no
configure:13657: checking whether to use apparmor
configure:13672: result: no
configure:13675: checking whether to use prelude
configure:13685: result: no
configure:13750: checking whether to use libwrap
configure:13979: result: no
configure:14011: checking cap-ng.h usability
configure:14011: gcc -c -g -O2  conftest.c >&5
conftest.c:77:20: fatal error: cap-ng.h: No such file or directory
 #include <cap-ng.h>
                    ^
compilation terminated.
configure:14011: $? = 1
configure: failed program was:
| /* confdefs.h */
| #define PACKAGE_NAME "audit"
| #define PACKAGE_TARNAME "audit"
| #define PACKAGE_VERSION "2.3.2"
| #define PACKAGE_STRING "audit 2.3.2"
| #define PACKAGE_BUGREPORT ""
| #define PACKAGE_URL ""
| #define PACKAGE "audit"
| #define VERSION "2.3.2"
| #define STDC_HEADERS 1
| #define HAVE_SYS_TYPES_H 1
| #define HAVE_SYS_STAT_H 1
| #define HAVE_STDLIB_H 1
| #define HAVE_STRING_H 1
| #define HAVE_MEMORY_H 1
| #define HAVE_STRINGS_H 1
| #define HAVE_INTTYPES_H 1
| #define HAVE_STDINT_H 1
| #define HAVE_UNISTD_H 1
| #define HAVE_DLFCN_H 1
| #define LT_OBJDIR ".libs/"
| #define HAVE_SYS_INOTIFY_H 1
| #define HAVE_SYS_EPOLL_H 1
| #define HAVE_POLL_H 1
| #define HAVE_SYS_SELECT_H 1
| #define HAVE_SYS_EVENTFD_H 1
| #define HAVE_SYS_SIGNALFD_H 1
| #define HAVE_INOTIFY_INIT 1
| #define HAVE_EPOLL_CTL 1
| #define HAVE_POLL 1
| #define HAVE_SELECT 1
| #define HAVE_EVENTFD 1
| #define HAVE_SIGNALFD 1
| #define HAVE_CLOCK_GETTIME 1
| #define HAVE_NANOSLEEP 1
| #define HAVE_FLOOR 1
| #define STDC_HEADERS 1
| #define TIME_WITH_SYS_TIME 1
| #define SIZEOF_UNSIGNED_INT 4
| #define SIZEOF_UNSIGNED_LONG 8
| #define HAVE_DECL_MS_DIRSYNC 1
| #define USE_LISTENER 1
| /* end confdefs.h.  */
| #include <stdio.h>
| #ifdef HAVE_SYS_TYPES_H
| # include <sys/types.h>
| #endif
| #ifdef HAVE_SYS_STAT_H
| # include <sys/stat.h>
| #endif
| #ifdef STDC_HEADERS
| # include <stdlib.h>
| # include <stddef.h>
| #else
| # ifdef HAVE_STDLIB_H
| #  include <stdlib.h>
| # endif
| #endif
| #ifdef HAVE_STRING_H
| # if !defined STDC_HEADERS && defined HAVE_MEMORY_H
| #  include <memory.h>
| # endif
| # include <string.h>
| #endif
| #ifdef HAVE_STRINGS_H
| # include <strings.h>
| #endif
| #ifdef HAVE_INTTYPES_H
| # include <inttypes.h>
| #endif
| #ifdef HAVE_STDINT_H
| # include <stdint.h>
| #endif
| #ifdef HAVE_UNISTD_H
| # include <unistd.h>
| #endif
| #include <cap-ng.h>
configure:14011: result: no
configure:14011: checking cap-ng.h presence
configure:14011: gcc -E  conftest.c
conftest.c:44:20: fatal error: cap-ng.h: No such file or directory
 #include <cap-ng.h>
                    ^
compilation terminated.
configure:14011: $? = 1
configure: failed program was:
| /* confdefs.h */
| #define PACKAGE_NAME "audit"
| #define PACKAGE_TARNAME "audit"
| #define PACKAGE_VERSION "2.3.2"
| #define PACKAGE_STRING "audit 2.3.2"
| #define PACKAGE_BUGREPORT ""
| #define PACKAGE_URL ""
| #define PACKAGE "audit"
| #define VERSION "2.3.2"
| #define STDC_HEADERS 1
| #define HAVE_SYS_TYPES_H 1
| #define HAVE_SYS_STAT_H 1
| #define HAVE_STDLIB_H 1
| #define HAVE_STRING_H 1
| #define HAVE_MEMORY_H 1
| #define HAVE_STRINGS_H 1
| #define HAVE_INTTYPES_H 1
| #define HAVE_STDINT_H 1
| #define HAVE_UNISTD_H 1
| #define HAVE_DLFCN_H 1
| #define LT_OBJDIR ".libs/"
| #define HAVE_SYS_INOTIFY_H 1
| #define HAVE_SYS_EPOLL_H 1
| #define HAVE_POLL_H 1
| #define HAVE_SYS_SELECT_H 1
| #define HAVE_SYS_EVENTFD_H 1
| #define HAVE_SYS_SIGNALFD_H 1
| #define HAVE_INOTIFY_INIT 1
| #define HAVE_EPOLL_CTL 1
| #define HAVE_POLL 1
| #define HAVE_SELECT 1
| #define HAVE_EVENTFD 1
| #define HAVE_SIGNALFD 1
| #define HAVE_CLOCK_GETTIME 1
| #define HAVE_NANOSLEEP 1
| #define HAVE_FLOOR 1
| #define STDC_HEADERS 1
| #define TIME_WITH_SYS_TIME 1
| #define SIZEOF_UNSIGNED_INT 4
| #define SIZEOF_UNSIGNED_LONG 8
| #define HAVE_DECL_MS_DIRSYNC 1
| #define USE_LISTENER 1
| /* end confdefs.h.  */
| #include <cap-ng.h>
configure:14011: result: no
configure:14011: checking for cap-ng.h
configure:14011: result: no
configure:14021: checking for capng_clear in -lcap-ng
configure:14046: gcc -o conftest -g -O2   conftest.c -lcap-ng   >&5
/usr/bin/ld: cannot find -lcap-ng
collect2: error: ld returned 1 exit status
configure:14046: $? = 1
configure: failed program was:
| /* confdefs.h */
| #define PACKAGE_NAME "audit"
| #define PACKAGE_TARNAME "audit"
| #define PACKAGE_VERSION "2.3.2"
| #define PACKAGE_STRING "audit 2.3.2"
| #define PACKAGE_BUGREPORT ""
| #define PACKAGE_URL ""
| #define PACKAGE "audit"
| #define VERSION "2.3.2"
| #define STDC_HEADERS 1
| #define HAVE_SYS_TYPES_H 1
| #define HAVE_SYS_STAT_H 1
| #define HAVE_STDLIB_H 1
| #define HAVE_STRING_H 1
| #define HAVE_MEMORY_H 1
| #define HAVE_STRINGS_H 1
| #define HAVE_INTTYPES_H 1
| #define HAVE_STDINT_H 1
| #define HAVE_UNISTD_H 1
| #define HAVE_DLFCN_H 1
| #define LT_OBJDIR ".libs/"
| #define HAVE_SYS_INOTIFY_H 1
| #define HAVE_SYS_EPOLL_H 1
| #define HAVE_POLL_H 1
| #define HAVE_SYS_SELECT_H 1
| #define HAVE_SYS_EVENTFD_H 1
| #define HAVE_SYS_SIGNALFD_H 1
| #define HAVE_INOTIFY_INIT 1
| #define HAVE_EPOLL_CTL 1
| #define HAVE_POLL 1
| #define HAVE_SELECT 1
| #define HAVE_EVENTFD 1
| #define HAVE_SIGNALFD 1
| #define HAVE_CLOCK_GETTIME 1
| #define HAVE_NANOSLEEP 1
| #define HAVE_FLOOR 1
| #define STDC_HEADERS 1
| #define TIME_WITH_SYS_TIME 1
| #define SIZEOF_UNSIGNED_INT 4
| #define SIZEOF_UNSIGNED_LONG 8
| #define HAVE_DECL_MS_DIRSYNC 1
| #define USE_LISTENER 1
| /* end confdefs.h.  */
| 
| /* Override any GCC internal prototype to avoid an error.
|    Use char because int might match the return type of a GCC
|    builtin and then its argument prototype would still apply.  */
| #ifdef __cplusplus
| extern "C"
| #endif
| char capng_clear ();
| int
| main ()
| {
| return capng_clear ();
|   ;
|   return 0;
| }
configure:14055: result: no
configure:14071: checking whether to use libcap-ng
configure:14080: result: no
configure:14201: checking that generated files are newer than configure
configure:14207: result: done
configure:14278: creating ./config.status

## ---------------------- ##
## Running config.status. ##
## ---------------------- ##

This file was extended by audit config.status 2.3.2, which was
generated by GNU Autoconf 2.69.  Invocation command line was

  CONFIG_FILES    = 
  CONFIG_HEADERS  = 
  CONFIG_LINKS    = 
  CONFIG_COMMANDS = 
  $ ./config.status 

on KVM-trace

config.status:1163: creating Makefile
config.status:1163: creating lib/Makefile
config.status:1163: creating lib/test/Makefile
config.status:1163: creating auparse/Makefile
config.status:1163: creating auparse/test/Makefile
config.status:1163: creating src/Makefile
config.status:1163: creating src/mt/Makefile
config.status:1163: creating src/libev/Makefile
config.status:1163: creating src/test/Makefile
config.status:1163: creating swig/Makefile
config.status:1163: creating docs/Makefile
config.status:1163: creating init.d/Makefile
config.status:1163: creating audisp/Makefile
config.status:1163: creating audisp/plugins/Makefile
config.status:1163: creating audisp/plugins/builtins/Makefile
config.status:1163: creating audisp/plugins/prelude/Makefile
config.status:1163: creating audisp/plugins/remote/Makefile
config.status:1163: creating audisp/plugins/zos-remote/Makefile
config.status:1163: creating bindings/Makefile
config.status:1163: creating bindings/python/Makefile
config.status:1163: creating tools/Makefile
config.status:1163: creating tools/aulast/Makefile
config.status:1163: creating tools/aulastlog/Makefile
config.status:1163: creating tools/ausyscall/Makefile
config.status:1163: creating tools/auvirt/Makefile
config.status:1163: creating config.h
config.status:1392: executing depfiles commands
config.status:1392: executing libtool commands

## ---------------- ##
## Cache variables. ##
## ---------------- ##

ac_cv_build=x86_64-unknown-linux-gnu
ac_cv_c_compiler_gnu=yes
ac_cv_c_const=yes
ac_cv_c_inline=inline
ac_cv_env_CC_set=
ac_cv_env_CC_value=
ac_cv_env_CFLAGS_set=
ac_cv_env_CFLAGS_value=
ac_cv_env_CPPFLAGS_set=
ac_cv_env_CPPFLAGS_value=
ac_cv_env_CPP_set=
ac_cv_env_CPP_value=
ac_cv_env_LDFLAGS_set=
ac_cv_env_LDFLAGS_value=
ac_cv_env_LIBS_set=
ac_cv_env_LIBS_value=
ac_cv_env_PYTHON_set=
ac_cv_env_PYTHON_value=
ac_cv_env_build_alias_set=
ac_cv_env_build_alias_value=
ac_cv_env_host_alias_set=
ac_cv_env_host_alias_value=
ac_cv_env_target_alias_set=
ac_cv_env_target_alias_value=
ac_cv_func_clock_gettime=yes
ac_cv_func_epoll_ctl=yes
ac_cv_func_eventfd=yes
ac_cv_func_inotify_init=yes
ac_cv_func_kqueue=no
ac_cv_func_nanosleep=yes
ac_cv_func_poll=yes
ac_cv_func_port_create=no
ac_cv_func_select=yes
ac_cv_func_signalfd=yes
ac_cv_have_decl_MS_DIRSYNC=yes
ac_cv_header_cap_ng_h=no
ac_cv_header_dlfcn_h=yes
ac_cv_header_inttypes_h=yes
ac_cv_header_memory_h=yes
ac_cv_header_poll_h=yes
ac_cv_header_port_h=no
ac_cv_header_stdc=yes
ac_cv_header_stdint_h=yes
ac_cv_header_stdlib_h=yes
ac_cv_header_string_h=yes
ac_cv_header_strings_h=yes
ac_cv_header_sys_epoll_h=yes
ac_cv_header_sys_event_h=no
ac_cv_header_sys_eventfd_h=yes
ac_cv_header_sys_inotify_h=yes
ac_cv_header_sys_select_h=yes
ac_cv_header_sys_signalfd_h=yes
ac_cv_header_sys_stat_h=yes
ac_cv_header_sys_types_h=yes
ac_cv_header_time=yes
ac_cv_header_unistd_h=yes
ac_cv_host=x86_64-unknown-linux-gnu
ac_cv_lib_cap_ng_capng_clear=no
ac_cv_objext=o
ac_cv_path_EGREP='/bin/grep -E'
ac_cv_path_FGREP='/bin/grep -F'
ac_cv_path_GREP=/bin/grep
ac_cv_path_PYTHON=/usr/bin/python
ac_cv_path_SED=/bin/sed
ac_cv_path_install='/usr/bin/install -c'
ac_cv_path_mkdir=/bin/mkdir
ac_cv_prog_AWK=mawk
ac_cv_prog_CPP='gcc -E'
ac_cv_prog_ac_ct_AR=ar
ac_cv_prog_ac_ct_CC=gcc
ac_cv_prog_ac_ct_MANIFEST_TOOL=mt
ac_cv_prog_ac_ct_OBJDUMP=objdump
ac_cv_prog_ac_ct_RANLIB=ranlib
ac_cv_prog_ac_ct_STRIP=strip
ac_cv_prog_cc_c89=
ac_cv_prog_cc_g=yes
ac_cv_prog_cc_gcc_c_o=yes
ac_cv_prog_make_make_set=yes
ac_cv_search_floor=-lm
ac_cv_sizeof_unsigned_int=4
ac_cv_sizeof_unsigned_long=8
ac_cv_target=x86_64-unknown-linux-gnu
am_cv_CC_dependencies_compiler_type=gcc3
am_cv_make_support_nested_variables=yes
am_cv_python_platform=linux2
am_cv_python_pyexecdir='${exec_prefix}/lib/python2.7/dist-packages'
am_cv_python_pythondir='${prefix}/lib/python2.7/dist-packages'
am_cv_python_version=2.7
lt_cv_ar_at_file=@
lt_cv_archive_cmds_need_lc=no
lt_cv_deplibs_check_method=pass_all
lt_cv_file_magic_cmd='$MAGIC_CMD'
lt_cv_file_magic_test_file=
lt_cv_ld_reload_flag=-r
lt_cv_nm_interface='BSD nm'
lt_cv_objdir=.libs
lt_cv_path_LD=/usr/bin/ld
lt_cv_path_NM='/usr/bin/nm -B'
lt_cv_path_mainfest_tool=no
lt_cv_prog_compiler_c_o=yes
lt_cv_prog_compiler_pic='-fPIC -DPIC'
lt_cv_prog_compiler_pic_works=yes
lt_cv_prog_compiler_rtti_exceptions=no
lt_cv_prog_compiler_static_works=yes
lt_cv_prog_gnu_ld=yes
lt_cv_sharedlib_from_linklib_cmd='printf %s\n'
lt_cv_shlibpath_overrides_runpath=no
lt_cv_sys_global_symbol_pipe='sed -n -e '\''s/^.*[	 ]\([ABCDGIRSTW][ABCDGIRSTW]*\)[	 ][	 ]*\([_A-Za-z][_A-Za-z0-9]*\)$/\1 \2 \2/p'\'' | sed '\''/ __gnu_lto/d'\'''
lt_cv_sys_global_symbol_to_c_name_address='sed -n -e '\''s/^: \([^ ]*\)[ ]*$/  {\"\1\", (void *) 0},/p'\'' -e '\''s/^[ABCDGIRSTW]* \([^ ]*\) \([^ ]*\)$/  {"\2", (void *) \&\2},/p'\'''
lt_cv_sys_global_symbol_to_c_name_address_lib_prefix='sed -n -e '\''s/^: \([^ ]*\)[ ]*$/  {\"\1\", (void *) 0},/p'\'' -e '\''s/^[ABCDGIRSTW]* \([^ ]*\) \(lib[^ ]*\)$/  {"\2", (void *) \&\2},/p'\'' -e '\''s/^[ABCDGIRSTW]* \([^ ]*\) \([^ ]*\)$/  {"lib\2", (void *) \&\2},/p'\'''
lt_cv_sys_global_symbol_to_cdecl='sed -n -e '\''s/^T .* \(.*\)$/extern int \1();/p'\'' -e '\''s/^[ABCDGIRSTW]* .* \(.*\)$/extern char \1;/p'\'''
lt_cv_sys_max_cmd_len=1572864
lt_cv_to_host_file_cmd=func_convert_file_noop
lt_cv_to_tool_file_cmd=func_convert_file_noop

## ----------------- ##
## Output variables. ##
## ----------------- ##

ACLOCAL='${SHELL} /home/audit/UBSI/audit-2.3.2/missing aclocal-1.13'
AMDEPBACKSLASH='\'
AMDEP_FALSE='#'
AMDEP_TRUE=''
AMTAR='$${TAR-tar}'
AM_BACKSLASH='\'
AM_DEFAULT_V='$(AM_DEFAULT_VERBOSITY)'
AM_DEFAULT_VERBOSITY='1'
AM_V='$(V)'
AR='ar'
AUTOCONF='${SHELL} /home/audit/UBSI/audit-2.3.2/missing autoconf'
AUTOHEADER='${SHELL} /home/audit/UBSI/audit-2.3.2/missing autoheader'
AUTOMAKE='${SHELL} /home/audit/UBSI/audit-2.3.2/missing automake-1.13'
AWK='mawk'
CAPNG_LDADD=''
CC='gcc'
CCDEPMODE='depmode=gcc3'
CFLAGS='-g -O2'
CPP='gcc -E'
CPPFLAGS=''
CYGPATH_W='echo'
DEBUG='-DNDEBUG'
DEBUG_FALSE=''
DEBUG_TRUE='#'
DEFS='-DHAVE_CONFIG_H'
DEPDIR='.deps'
DLLTOOL='false'
DSYMUTIL=''
DUMPBIN=''
ECHO_C=''
ECHO_N='-n'
ECHO_T=''
EGREP='/bin/grep -E'
ENABLE_GSSAPI_FALSE=''
ENABLE_GSSAPI_TRUE='#'
ENABLE_LISTENER_FALSE='#'
ENABLE_LISTENER_TRUE=''
ENABLE_SYSTEMD_FALSE=''
ENABLE_SYSTEMD_TRUE='#'
EXEEXT=''
FGREP='/bin/grep -F'
GREP='/bin/grep'
HAVE_PRELUDE_FALSE=''
HAVE_PRELUDE_TRUE='#'
HAVE_PYTHON_FALSE=''
HAVE_PYTHON_TRUE='#'
INSTALL_DATA='${INSTALL} -m 644'
INSTALL_PROGRAM='${INSTALL}'
INSTALL_SCRIPT='${INSTALL}'
INSTALL_STRIP_PROGRAM='$(install_sh) -c -s'
LD='/usr/bin/ld -m elf_x86_64'
LDFLAGS=''
LIBOBJS=''
LIBPRELUDE_CFLAGS=''
LIBPRELUDE_LDFLAGS=''
LIBS=''
LIBTOOL='$(SHELL) $(top_builddir)/libtool'
LIBTOOL_DEPS='./ltmain.sh'
LIBWRAP_LIBS=''
LIPO=''
LN_S='ln -s'
LTLIBOBJS=''
MAKEINFO='${SHELL} /home/audit/UBSI/audit-2.3.2/missing makeinfo'
MANIFEST_TOOL=':'
MKDIR_P='/bin/mkdir -p'
NM='/usr/bin/nm -B'
NMEDIT=''
OBJDUMP='objdump'
OBJEXT='o'
OTOOL64=''
OTOOL=''
PACKAGE='audit'
PACKAGE_BUGREPORT=''
PACKAGE_NAME='audit'
PACKAGE_STRING='audit 2.3.2'
PACKAGE_TARNAME='audit'
PACKAGE_URL=''
PACKAGE_VERSION='2.3.2'
PATH_SEPARATOR=':'
PYTHON='/usr/bin/python'
PYTHON_EXEC_PREFIX='${exec_prefix}'
PYTHON_PLATFORM='linux2'
PYTHON_PREFIX='${prefix}'
PYTHON_VERSION='2.7'
RANLIB='ranlib'
SED='/bin/sed'
SET_MAKE=''
SHELL='/bin/bash'
STRIP='strip'
USE_AARCH64_FALSE=''
USE_AARCH64_TRUE='#'
USE_ALPHA_FALSE=''
USE_ALPHA_TRUE='#'
USE_ARMEB_FALSE=''
USE_ARMEB_TRUE='#'
VERSION='2.3.2'
ac_ct_AR='ar'
ac_ct_CC='gcc'
ac_ct_DUMPBIN=''
am__EXEEXT_FALSE=''
am__EXEEXT_TRUE='#'
am__fastdepCC_FALSE='#'
am__fastdepCC_TRUE=''
am__include='include'
am__isrc=''
am__leading_dot='.'
am__nodep='_no'
am__quote=''
am__tar='$${TAR-tar} chof - "$$tardir"'
am__untar='$${TAR-tar} xf -'
bindir='${exec_prefix}/bin'
build='x86_64-unknown-linux-gnu'
build_alias=''
build_cpu='x86_64'
build_os='linux-gnu'
build_vendor='unknown'
datadir='${datarootdir}'
datarootdir='${prefix}/share'
docdir='${datarootdir}/doc/${PACKAGE_TARNAME}'
dvidir='${docdir}'
exec_prefix='${prefix}'
gss_libs=''
host='x86_64-unknown-linux-gnu'
host_alias=''
host_cpu='x86_64'
host_os='linux-gnu'
host_vendor='unknown'
htmldir='${docdir}'
includedir='${prefix}/include'
infodir='${datarootdir}/info'
install_sh='${SHELL} /home/audit/UBSI/audit-2.3.2/install-sh'
libdir='${exec_prefix}/lib'
libexecdir='${exec_prefix}/libexec'
localedir='${datarootdir}/locale'
localstatedir='${prefix}/var'
mandir='${datarootdir}/man'
mkdir_p='$(MKDIR_P)'
oldincludedir='/usr/include'
pdfdir='${docdir}'
pkgpyexecdir='${pyexecdir}/audit'
pkgpythondir='${pythondir}/audit'
prefix='/usr/local'
program_transform_name='s,x,x,'
psdir='${docdir}'
pyexecdir='${exec_prefix}/lib/python2.7/dist-packages'
pythondir='${prefix}/lib/python2.7/dist-packages'
sbindir='${exec_prefix}/sbin'
sharedstatedir='${prefix}/com'
sysconfdir='${prefix}/etc'
target='x86_64-unknown-linux-gnu'
target_alias=''
target_cpu='x86_64'
target_os='linux-gnu'
target_vendor='unknown'

## ----------- ##
## confdefs.h. ##
## ----------- ##

/* confdefs.h */
#define PACKAGE_NAME "audit"
#define PACKAGE_TARNAME "audit"
#define PACKAGE_VERSION "2.3.2"
#define PACKAGE_STRING "audit 2.3.2"
#define PACKAGE_BUGREPORT ""
#define PACKAGE_URL ""
#define PACKAGE "audit"
#define VERSION "2.3.2"
#define STDC_HEADERS 1
#define HAVE_SYS_TYPES_H 1
#define HAVE_SYS_STAT_H 1
#define HAVE_STDLIB_H 1
#define HAVE_STRING_H 1
#define HAVE_MEMORY_H 1
#define HAVE_STRINGS_H 1
#define HAVE_INTTYPES_H 1
#define HAVE_STDINT_H 1
#define HAVE_UNISTD_H 1
#define HAVE_DLFCN_H 1
#define LT_OBJDIR ".libs/"
#define HAVE_SYS_INOTIFY_H 1
#define HAVE_SYS_EPOLL_H 1
#define HAVE_POLL_H 1
#define HAVE_SYS_SELECT_H 1
#define HAVE_SYS_EVENTFD_H 1
#define HAVE_SYS_SIGNALFD_H 1
#define HAVE_INOTIFY_INIT 1
#define HAVE_EPOLL_CTL 1
#define HAVE_POLL 1
#define HAVE_SELECT 1
#define HAVE_EVENTFD 1
#define HAVE_SIGNALFD 1
#define HAVE_CLOCK_GETTIME 1
#define HAVE_NANOSLEEP 1
#define HAVE_FLOOR 1
#define STDC_HEADERS 1
#define TIME_WITH_SYS_TIME 1
#define SIZEOF_UNSIGNED_INT 4
#define SIZEOF_UNSIGNED_LONG 8
#define HAVE_DECL_MS_DIRSYNC 1
#define USE_LISTENER 1

configure: exit 0
